This is pdfTeX, Version 3.141592653-2.6-1.40.24 (MiKTeX 21.12.10) (preloaded format=pdflatex-dev 2022.8.19)  12 SEP 2024 22:48
entering extended mode
 restricted \write18 enabled.
 %&-line parsing enabled.
**./tesi.tex
(tesi.tex
LaTeX2e <2022-06-01> pre-release-1 (develop 2022-8-19 branch)
L3 programming layer <2022-08-05> (TesiDiaUniroma3.cls
Document Class: TesiDiaUniroma3 2008/02/13 v1.0 Tesi - DIA-Uniroma3

(/Users/tedbonga/Library/Application Support/MiKTeX/texmfs/install/tex/latex/me
moir/memoir.cls
Document Class: memoir 2022/07/29 v3.7r configurable book, report, article docu
ment class

(/Users/tedbonga/Library/Application Support/MiKTeX/texmfs/install/tex/latex/et
oolbox/etoolbox.sty
Package: etoolbox 2020/10/05 v2.5k e-TeX tools for LaTeX (JAW)
\etb@tempcnta=\count185
)
\onelineskip=\skip47
\lxvchars=\skip48
\xlvchars=\skip49
\@memcnta=\count186
\c@@memmarkcntra=\count187

(/Users/tedbonga/Library/Application Support/MiKTeX/texmfs/install/tex/generic/
iftex/iftex.sty
Package: iftex 2022/02/03 v1.0f TeX engine tests
)
\stockheight=\skip50
\stockwidth=\skip51
\trimtop=\skip52
\trimedge=\skip53

(/Users/tedbonga/Library/Application Support/MiKTeX/texmfs/install/tex/latex/me
moir/mem11.clo
File: mem11.clo 2022/07/29 v0.5 memoir class 11pt size option
)
\binding=\skip54
\spinemargin=\skip55
\foremargin=\skip56
\uppermargin=\skip57
\lowermargin=\skip58
\headdrop=\skip59
\normalrulethickness=\skip60
\mem@maxheadheight=\skip61
\mem@maxfootheight=\skip62
\headwidth=\skip63
\c@storedpagenumber=\count188
\memPD=\dimen138
\m@mabparskip=\skip64
\thanksmarkwidth=\skip65
\thanksmarksep=\skip66
\droptitle=\skip67
\c@book=\count189
\c@part=\count190
\c@chapter=\count191
\c@section=\count192
\c@subsection=\count193
\c@subsubsection=\count194
\c@paragraph=\count195
\c@subparagraph=\count196
\beforechapskip=\skip68
\midchapskip=\skip69
\afterchapskip=\skip70
\chapindent=\skip71
\bottomsectionskip=\skip72
\secindent=\skip73
\beforesecskip=\skip74
\aftersecskip=\skip75
\subsecindent=\skip76
\beforesubsecskip=\skip77
\aftersubsecskip=\skip78
\subsubsecindent=\skip79
\beforesubsubsecskip=\skip80
\aftersubsubsecskip=\skip81
\paraindent=\skip82
\beforeparaskip=\skip83
\afterparaskip=\skip84
\subparaindent=\skip85
\beforesubparaskip=\skip86
\aftersubparaskip=\skip87
\pfbreakskip=\skip88
\c@@ppsavesec=\count197
\c@@ppsaveapp=\count198
\ragrparindent=\dimen139
\everylistparindent=\dimen140
\parsepi=\skip89
\topsepi=\skip90
\itemsepi=\skip91
\parsepii=\skip92
\topsepii=\skip93
\topsepiii=\skip94
\itemsepii=\skip95
\itemsepiii=\skip96
\partopsepii=\skip97
\partopsepiii=\skip98
\m@msavetopsep=\skip99
\m@msavepartopsep=\skip100
\@enLab=\toks16
\abstitleskip=\skip101
\absleftindent=\skip102
\abs@leftindent=\dimen141
\absrightindent=\skip103
\absparindent=\skip104
\absparsep=\skip105
\c@vslineno=\count199
\c@poemline=\count266
\c@modulo@vs=\count267
\c@memfvsline=\count268
\vleftskip=\skip106
\vrightskip=\skip107
\stanzaskip=\skip108
\versewidth=\skip109
\vgap=\skip110
\vindent=\skip111
\vleftmargin=\dimen142
\c@verse=\count269
\c@chrsinstr=\count270
\beforepoemtitleskip=\skip112
\afterpoemtitleskip=\skip113
\c@poem=\count271
\beforePoemTitleskip=\skip114
\midPoemTitleskip=\skip115
\afterPoemTitleskip=\skip116

(/Users/tedbonga/Library/Application Support/MiKTeX/texmfs/install/tex/latex-de
v/tools/array.sty
Package: array 2022/03/10 v2.5f Tabular extension package (FMi)
\col@sep=\dimen143
\ar@mcellbox=\box51
\extrarowheight=\dimen144
\NC@list=\toks17
\extratabsurround=\skip117
\backup@length=\skip118
\ar@cellbox=\box52
)
(/Users/tedbonga/Library/Application Support/MiKTeX/texmfs/install/tex/latex-de
v/tools/dcolumn.sty
Package: dcolumn 2014/10/28 v1.06 decimal alignment package (DPC)
)
(/Users/tedbonga/Library/Application Support/MiKTeX/texmfs/install/tex/latex-de
v/tools/delarray.sty
Package: delarray 2014/10/28 v1.01 array delimiter package (DPC)
)
(/Users/tedbonga/Library/Application Support/MiKTeX/texmfs/install/tex/latex-de
v/tools/tabularx.sty
Package: tabularx 2020/01/15 v2.11c `tabularx' package (DPC)
\TX@col@width=\dimen145
\TX@old@table=\dimen146
\TX@old@col=\dimen147
\TX@target=\dimen148
\TX@delta=\dimen149
\TX@cols=\count272
\TX@ftn=\toks18
)
\heavyrulewidth=\dimen150
\lightrulewidth=\dimen151
\cmidrulewidth=\dimen152
\belowrulesep=\dimen153
\belowbottomsep=\dimen154
\aboverulesep=\dimen155
\abovetopsep=\dimen156
\cmidrulesep=\dimen157
\cmidrulekern=\dimen158
\defaultaddspace=\dimen159
\@cmidla=\count273
\@cmidlb=\count274
\@aboverulesep=\dimen160
\@belowrulesep=\dimen161
\@thisruleclass=\count275
\@lastruleclass=\count276
\@thisrulewidth=\dimen162
\ctableftskip=\skip119
\ctabrightskip=\skip120
\abovecolumnspenalty=\count277
\@linestogo=\count278
\@cellstogo=\count279
\@cellsincolumn=\count280
\crtok=\toks19
\@mincolumnwidth=\dimen163
\c@newflo@tctr=\count281
\mem@margin@floatbox=\box53
\@contcwidth=\skip121
\@contindw=\skip122
\abovecaptionskip=\skip123
\belowcaptionskip=\skip124
\subfloattopskip=\skip125
\subfloatcapskip=\skip126
\subfloatcaptopadj=\skip127
\subfloatbottomskip=\skip128
\subfloatlabelskip=\skip129
\subfloatcapmargin=\dimen164
\c@@contsubnum=\count282
\m@mscap@capbox=\box54
\m@mscap@fbox=\box55
\sidecapsep=\dimen165
\sidecapwidth=\dimen166
\m@m@tempdima=\dimen167
\m@mscapraise=\dimen168
\sidecapraise=\dimen169
\m@mscapmainwidth=\dimen170
\m@mscaplkern=\dimen171
\beforeepigraphskip=\skip130
\afterepigraphskip=\skip131
\epigraphwidth=\skip132
\epigraphrule=\skip133
LaTeX Info: Redefining \em on input line 7655.
LaTeX Info: Redefining \emph on input line 7663.
\tocentryskip=\skip134
\tocbaseline=\skip135
\cftparskip=\skip136
\cftbeforebookskip=\skip137
\cftbookindent=\dimen172
\cftbooknumwidth=\dimen173
\cftbeforepartskip=\skip138
\cftpartindent=\skip139
\cftpartnumwidth=\skip140
\cftbeforechapterskip=\skip141
\cftchapterindent=\skip142
\cftchapternumwidth=\skip143
\cftbeforesectionskip=\skip144
\cftsectionindent=\skip145
\cftsectionnumwidth=\skip146
\cftbeforesubsectionskip=\skip147
\cftsubsectionindent=\skip148
\cftsubsectionnumwidth=\skip149
\cftbeforesubsubsectionskip=\skip150
\cftsubsubsectionindent=\skip151
\cftsubsubsectionnumwidth=\skip152
\cftbeforeparagraphskip=\skip153
\cftparagraphindent=\skip154
\cftparagraphnumwidth=\skip155
\cftbeforesubparagraphskip=\skip156
\cftsubparagraphindent=\skip157
\cftsubparagraphnumwidth=\skip158
\prechapterprecisshift=\dimen174
\c@maxsecnumdepth=\count283
\bibindent=\dimen175
\bibitemsep=\skip159
\indexcolsep=\skip160
\indexrule=\skip161
\indexmarkstyle=\toks20
\@indexbox=\insert252
\glossarycolsep=\dimen176
\glossaryrule=\dimen177
\sideparvshift=\skip162
\sideins=\insert251
\sidebartopsep=\skip163
\sidebarhsep=\skip164
\sidebarvsep=\skip165
\sidebarwidth=\skip166
\footmarkwidth=\skip167
\footmarksep=\skip168
\footparindent=\skip169
\footinsdim=\skip170
\footinsv@r=\insert250
\@mpfootinsv@r=\insert249
\m@m@k=\count284
\m@m@h=\dimen178
\m@mipn@skip=\skip171
\sidefootins=\insert248
\sidefootadjust=\skip172
\sidefootheight=\skip173
\sidefoothsep=\skip174
\sidefootvsep=\skip175
\sidefootwidth=\skip176
\m@mdownsf=\skip177
\c@sidefootnote=\count285
\sidefootmarkwidth=\skip178
\sidefootmarksep=\skip179
\sidefootparindent=\skip180
\c@pagenote=\count286
\c@pagenoteshadow=\count287
\mem@pn@lastkern=\skip181
\every@verbatim=\toks21
\afterevery@verbatim=\toks22
\verbatim@line=\toks23
\tab@position=\count288
\verbatim@in@stream=\read2
\verbatimindent=\skip182
\verbatim@out=\write3
\bvboxsep=\skip183
\c@memfbvline=\count289
\c@bvlinectr=\count290
\bvnumlength=\skip184
\fb@frw=\dimen179
\fb@frh=\dimen180
\FrameRule=\dimen181
\FrameSep=\dimen182
\c@cp@cntr=\count291
\c@ism@mctr=\count292
\c@xsm@mctr=\count293
\c@csm@mctr=\count294
\c@ksm@mctr=\count295
\c@xksm@mctr=\count296
\c@cksm@mctr=\count297
\c@msm@mctr=\count298
\c@xmsm@mctr=\count299
\c@cmsm@mctr=\count300
\c@bsm@mctr=\count301
\c@workm@mctr=\count302
\c@sheetsequence=\count303
\c@lastsheet=\count304
\c@lastpage=\count305

(/Users/tedbonga/Library/Application Support/MiKTeX/texmfs/install/tex/latex/te
xtcase/textcase.sty
Package: textcase 2022/07/10 v1.03 Text only upper/lower case changing (DPC)
Package textcase Info: Defining Legacy names on input line 20.
)
\c@figure=\count306
\c@lofdepth=\count307
\cftbeforefigureskip=\skip185
\cftfigureindent=\skip186
\cftfigurenumwidth=\skip187
\c@table=\count308
\c@lotdepth=\count309
\cftbeforetableskip=\skip188
\cfttableindent=\skip189
\cfttablenumwidth=\skip190
Package abstract [2008/07/23] emulated by memoir.
Package appendix [2008/07/23] emulated by memoir.
Package booktabs [2016/05/16] emulated by memoir.
Package ccaption [2008/07/23] emulated by memoir.
Package changepage [2008/07/23] emulated by memoir.
Package chngcntr [2008/07/23] emulated by memoir.
Package chngpage [2008/07/23] emulated by memoir.
Package crop emulated by memoir.
Package enumerate [2008/07/23] emulated by memoir.
Package epigraph [2008/07/23] emulated by memoir.
Package ifmtarg [2008/07/23] emulated by memoir.
Package index [2008/07/23] emulated by memoir.
Package makeidx [2008/07/23] emulated by memoir.
Package moreverb [2008/07/23] emulated by memoir.
Package needspace [2008/07/23] emulated by memoir.
Package newfile [2008/07/23] emulated by memoir.
Package nextpage [2008/07/23] emulated by memoir.
Package pagenote [2008/07/23] emulated by memoir.
Package parskip [2008/07/23] emulated by memoir.
Package patchcmd [2008/07/23] emulated by memoir.
Package setspace [2008/07/23] emulated by memoir.
Package shortvrb [2008/07/23] emulated by memoir.
Package showidx [2008/07/23] emulated by memoir.
Package titleref [2008/07/23] emulated by memoir.
Package titling [2008/07/23] emulated by memoir.
Package tocbibind [2008/07/23] emulated by memoir.
Package tocloft [2008/07/23] emulated by memoir.
Package tocvsec2 [2008/07/23] emulated by memoir.
Package verbatim [2008/07/23] emulated by memoir.
Package verse [2008/07/23] emulated by memoir.
)
(/Users/tedbonga/Library/Application Support/MiKTeX/texmfs/install/tex/generic/
babel/babel.sty
Package: babel 2022/07/20 3.78 The Babel package
\babel@savecnt=\count310
\U@D=\dimen183
\l@unhyphenated=\language79

(/Users/tedbonga/Library/Application Support/MiKTeX/texmfs/install/tex/generic/
babel/txtbabel.def)
\bbl@readstream=\read3
\bbl@dirlevel=\count311

*************************************
* Local config file bblopts.cfg used
*

(/Users/tedbonga/Library/Application Support/MiKTeX/texmfs/install/tex/latex/ar
abi/bblopts.cfg
File: bblopts.cfg 2005/09/08 v0.1 add Arabic and Farsi to "declared" options of
 babel
)
(/Users/tedbonga/Library/Application Support/MiKTeX/texmfs/install/tex/latex/ba
bel-italian/italian.ldf
Language: italian 2022/03/27 v.1.4.07 Italian support for the babel system
\it@lettering=\count312
\it@doublequoteactive=\count313
\it@ISOcompliance=\count314
))
(/Users/tedbonga/Library/Application Support/MiKTeX/texmfs/install/tex/generic/
babel/locale/it/babel-italian.tex
Package babel Info: Importing font and identification data for italian
(babel)             from babel-it.ini. Reported on input line 11.
)
(/Users/tedbonga/Library/Application Support/MiKTeX/texmfs/install/tex/latex-de
v/graphics/graphicx.sty
Package: graphicx 2021/09/16 v1.2d Enhanced LaTeX Graphics (DPC,SPQR)

(/Users/tedbonga/Library/Application Support/MiKTeX/texmfs/install/tex/latex-de
v/graphics/keyval.sty
Package: keyval 2022/05/29 v1.15 key=value parser (DPC)
\KV@toks@=\toks24
)
(/Users/tedbonga/Library/Application Support/MiKTeX/texmfs/install/tex/latex-de
v/graphics/graphics.sty
Package: graphics 2022/03/10 v1.4e Standard LaTeX Graphics (DPC,SPQR)

(/Users/tedbonga/Library/Application Support/MiKTeX/texmfs/install/tex/latex-de
v/graphics/trig.sty
Package: trig 2021/08/11 v1.11 sin cos tan (DPC)
)
(/Users/tedbonga/Library/Application Support/MiKTeX/texmfs/install/tex/latex/gr
aphics-cfg/graphics.cfg
File: graphics.cfg 2016/06/04 v1.11 sample graphics configuration
)
Package graphics Info: Driver file: pdftex.def on input line 107.

(/Users/tedbonga/Library/Application Support/MiKTeX/texmfs/install/tex/latex/gr
aphics-def/pdftex.def
File: pdftex.def 2020/10/05 v1.2a Graphics/color driver for pdftex
))
\Gin@req@height=\dimen184
\Gin@req@width=\dimen185
)
(/Users/tedbonga/Library/Application Support/MiKTeX/texmfs/install/tex/latex-de
v/base/fontenc.sty
Package: fontenc 2021/04/29 v2.0v Standard LaTeX package
)
(/Users/tedbonga/Library/Application Support/MiKTeX/texmfs/install/tex/latex/fa
ncyhdr/fancyhdr.sty
Package: fancyhdr 2022/05/18 v4.0.3 Extensive control of page headers and foote
rs
\f@nch@headwidth=\skip191
\f@nch@O@elh=\skip192
\f@nch@O@erh=\skip193
\f@nch@O@olh=\skip194
\f@nch@O@orh=\skip195
\f@nch@O@elf=\skip196
\f@nch@O@erf=\skip197
\f@nch@O@olf=\skip198
\f@nch@O@orf=\skip199
))
(/Users/tedbonga/Library/Application Support/MiKTeX/texmfs/install/tex/latex/hy
perref/hyperref.sty
Package: hyperref 2022-06-20 v7.00s Hypertext links for LaTeX

(/Users/tedbonga/Library/Application Support/MiKTeX/texmfs/install/tex/generic/
ltxcmds/ltxcmds.sty
Package: ltxcmds 2020-05-10 v1.25 LaTeX kernel commands for general use (HO)
)
(/Users/tedbonga/Library/Application Support/MiKTeX/texmfs/install/tex/generic/
pdftexcmds/pdftexcmds.sty
Package: pdftexcmds 2020-06-27 v0.33 Utility functions of pdfTeX for LuaTeX (HO
)

(/Users/tedbonga/Library/Application Support/MiKTeX/texmfs/install/tex/generic/
infwarerr/infwarerr.sty
Package: infwarerr 2019/12/03 v1.5 Providing info/warning/error messages (HO)
)
Package pdftexcmds Info: \pdf@primitive is available.
Package pdftexcmds Info: \pdf@ifprimitive is available.
Package pdftexcmds Info: \pdfdraftmode found.
)
(/Users/tedbonga/Library/Application Support/MiKTeX/texmfs/install/tex/generic/
kvsetkeys/kvsetkeys.sty
Package: kvsetkeys 2019/12/15 v1.18 Key value parser (HO)
)
(/Users/tedbonga/Library/Application Support/MiKTeX/texmfs/install/tex/generic/
kvdefinekeys/kvdefinekeys.sty
Package: kvdefinekeys 2019-12-19 v1.6 Define keys (HO)
)
(/Users/tedbonga/Library/Application Support/MiKTeX/texmfs/install/tex/generic/
pdfescape/pdfescape.sty
Package: pdfescape 2019/12/09 v1.15 Implements pdfTeX's escape features (HO)
)
(/Users/tedbonga/Library/Application Support/MiKTeX/texmfs/install/tex/latex/hy
color/hycolor.sty
Package: hycolor 2020-01-27 v1.10 Color options for hyperref/bookmark (HO)
)
(/Users/tedbonga/Library/Application Support/MiKTeX/texmfs/install/tex/latex/le
tltxmacro/letltxmacro.sty
Package: letltxmacro 2019/12/03 v1.6 Let assignment for LaTeX macros (HO)
)
(/Users/tedbonga/Library/Application Support/MiKTeX/texmfs/install/tex/latex/au
xhook/auxhook.sty
Package: auxhook 2019-12-17 v1.6 Hooks for auxiliary files (HO)
)
(/Users/tedbonga/Library/Application Support/MiKTeX/texmfs/install/tex/latex/hy
perref/nameref.sty
Package: nameref 2022-05-17 v2.50 Cross-referencing by name of section

(/Users/tedbonga/Library/Application Support/MiKTeX/texmfs/install/tex/latex/re
fcount/refcount.sty
Package: refcount 2019/12/15 v3.6 Data extraction from label references (HO)
)
(/Users/tedbonga/Library/Application Support/MiKTeX/texmfs/install/tex/generic/
gettitlestring/gettitlestring.sty
Package: gettitlestring 2019/12/15 v1.6 Cleanup title references (HO)

(/Users/tedbonga/Library/Application Support/MiKTeX/texmfs/install/tex/latex/kv
options/kvoptions.sty
Package: kvoptions 2022-06-15 v3.15 Key value format for package options (HO)
))
\c@section@level=\count315
)
\@linkdim=\dimen186
\Hy@linkcounter=\count316
\Hy@pagecounter=\count317

(/Users/tedbonga/Library/Application Support/MiKTeX/texmfs/install/tex/latex/hy
perref/pd1enc.def
File: pd1enc.def 2022-06-20 v7.00s Hyperref: PDFDocEncoding definition (HO)
Now handling font encoding PD1 ...
... no UTF-8 mapping file for font encoding PD1
)
(/Users/tedbonga/Library/Application Support/MiKTeX/texmfs/install/tex/generic/
intcalc/intcalc.sty
Package: intcalc 2019/12/15 v1.3 Expandable calculations with integers (HO)
)
(/Users/tedbonga/Library/Application Support/MiKTeX/texmfs/install/tex/generic/
etexcmds/etexcmds.sty
Package: etexcmds 2019/12/15 v1.7 Avoid name clashes with e-TeX commands (HO)
)
\Hy@SavedSpaceFactor=\count318

(/Users/tedbonga/Library/Application Support/MiKTeX/texmfs/install/tex/latex/hy
perref/puenc.def
File: puenc.def 2022-06-20 v7.00s Hyperref: PDF Unicode definition (HO)
Now handling font encoding PU ...
... no UTF-8 mapping file for font encoding PU
)
Package hyperref Info: Option `plainpages' set `false' on input line 4045.
Package hyperref Info: Hyper figures OFF on input line 4162.
Package hyperref Info: Link nesting OFF on input line 4167.
Package hyperref Info: Hyper index ON on input line 4170.
Package hyperref Info: Plain pages OFF on input line 4177.
Package hyperref Info: Backreferencing OFF on input line 4182.
Package hyperref Info: Implicit mode ON; LaTeX internals redefined.
Package hyperref Info: Bookmarks ON on input line 4408.
\c@Hy@tempcnt=\count319

(/Users/tedbonga/Library/Application Support/MiKTeX/texmfs/install/tex/latex/ur
l/url.sty
\Urlmuskip=\muskip16
Package: url 2013/09/16  ver 3.4  Verb mode for urls, etc.
)
LaTeX Info: Redefining \url on input line 4746.
\XeTeXLinkMargin=\dimen187

(/Users/tedbonga/Library/Application Support/MiKTeX/texmfs/install/tex/generic/
bitset/bitset.sty
Package: bitset 2019/12/09 v1.3 Handle bit-vector datatype (HO)

(/Users/tedbonga/Library/Application Support/MiKTeX/texmfs/install/tex/generic/
bigintcalc/bigintcalc.sty
Package: bigintcalc 2019/12/15 v1.5 Expandable calculations on big integers (HO
)
))
\Fld@menulength=\count320
\Field@Width=\dimen188
\Fld@charsize=\dimen189
Package hyperref Info: Hyper figures OFF on input line 6024.
Package hyperref Info: Link nesting OFF on input line 6029.
Package hyperref Info: Hyper index ON on input line 6032.
Package hyperref Info: backreferencing OFF on input line 6039.
Package hyperref Info: Link coloring OFF on input line 6044.
Package hyperref Info: Link coloring with OCG OFF on input line 6049.
Package hyperref Info: PDF/A mode OFF on input line 6054.

(/Users/tedbonga/Library/Application Support/MiKTeX/texmfs/install/tex/latex-de
v/base/atbegshi-ltx.sty
Package: atbegshi-ltx 2021/01/10 v1.0c Emulation of the original atbegshi
package with kernel methods
)
\Hy@abspage=\count321
\c@Item=\count322
\c@Hfootnote=\count323
)
Package hyperref Info: Driver (autodetected): hpdftex.

(/Users/tedbonga/Library/Application Support/MiKTeX/texmfs/install/tex/latex/hy
perref/hpdftex.def
File: hpdftex.def 2022-06-20 v7.00s Hyperref driver for pdfTeX

(/Users/tedbonga/Library/Application Support/MiKTeX/texmfs/install/tex/latex-de
v/base/atveryend-ltx.sty
Package: atveryend-ltx 2020/08/19 v1.0a Emulation of the original atveryend pac
kage
with kernel methods
)
\Fld@listcount=\count324
\c@bookmark@seq@number=\count325

(/Users/tedbonga/Library/Application Support/MiKTeX/texmfs/install/tex/latex/re
runfilecheck/rerunfilecheck.sty
Package: rerunfilecheck 2022-07-10 v1.10 Rerun checks for auxiliary files (HO)

(/Users/tedbonga/Library/Application Support/MiKTeX/texmfs/install/tex/generic/
uniquecounter/uniquecounter.sty
Package: uniquecounter 2019/12/15 v1.4 Provide unlimited unique counter (HO)
)
Package uniquecounter Info: New unique counter `rerunfilecheck' on input line 2
85.
)
\Hy@SectionHShift=\skip256
)
(/Users/tedbonga/Library/Application Support/MiKTeX/texmfs/install/tex/latex/me
moir/memhfixc.sty
Package: memhfixc 2021/06/16 v1.19 nameref/hyperref package fixes for memoir cl
ass

Redoing nameref's sectioning
Redoing nameref's label
LaTeX Info: Redefining \nameref on input line 102.
\c@memhycontfloat=\count326
\c@Hpagenote=\count327
)
(/Users/tedbonga/Library/Application Support/MiKTeX/texmfs/install/tex/latex/ob
erdiek/hypcap.sty
Package: hypcap 2016/05/16 v1.12 Adjusting the anchors of captions (HO)
)
(/Users/tedbonga/Library/Application Support/MiKTeX/texmfs/install/tex/latex/am
scls/amsthm.sty
Package: amsthm 2020/05/29 v2.20.6
\thm@style=\toks25
\thm@bodyfont=\toks26
\thm@headfont=\toks27
\thm@notefont=\toks28
\thm@headpunct=\toks29
\thm@preskip=\skip257
\thm@postskip=\skip258
\thm@headsep=\skip259
\dth@everypar=\toks30
)
(/Users/tedbonga/Library/Application Support/MiKTeX/texmfs/install/tex/latex-de
v/amsmath/amsmath.sty
Package: amsmath 2022/04/08 v2.17n AMS math features
\@mathmargin=\skip260

For additional information on amsmath, use the `?' option.

(/Users/tedbonga/Library/Application Support/MiKTeX/texmfs/install/tex/latex-de
v/amsmath/amstext.sty
Package: amstext 2021/08/26 v2.01 AMS text

(/Users/tedbonga/Library/Application Support/MiKTeX/texmfs/install/tex/latex-de
v/amsmath/amsgen.sty
File: amsgen.sty 1999/11/30 v2.0 generic functions
\@emptytoks=\toks31
\ex@=\dimen190
))
(/Users/tedbonga/Library/Application Support/MiKTeX/texmfs/install/tex/latex-de
v/amsmath/amsbsy.sty
Package: amsbsy 1999/11/29 v1.2d Bold Symbols
\pmbraise@=\dimen191
)
(/Users/tedbonga/Library/Application Support/MiKTeX/texmfs/install/tex/latex-de
v/amsmath/amsopn.sty
Package: amsopn 2022/04/08 v2.04 operator names
)
\inf@bad=\count328
LaTeX Info: Redefining \frac on input line 234.
\uproot@=\count329
\leftroot@=\count330
LaTeX Info: Redefining \overline on input line 399.
LaTeX Info: Redefining \colon on input line 410.
\classnum@=\count331
\DOTSCASE@=\count332
LaTeX Info: Redefining \ldots on input line 496.
LaTeX Info: Redefining \dots on input line 499.
LaTeX Info: Redefining \cdots on input line 620.
\Mathstrutbox@=\box56
\strutbox@=\box57
LaTeX Info: Redefining \big on input line 722.
LaTeX Info: Redefining \Big on input line 723.
LaTeX Info: Redefining \bigg on input line 724.
LaTeX Info: Redefining \Bigg on input line 725.
\big@size=\dimen192
LaTeX Font Info:    Redeclaring font encoding OML on input line 743.
LaTeX Font Info:    Redeclaring font encoding OMS on input line 744.
\macc@depth=\count333
LaTeX Info: Redefining \bmod on input line 905.
LaTeX Info: Redefining \pmod on input line 910.
LaTeX Info: Redefining \smash on input line 940.
LaTeX Info: Redefining \relbar on input line 970.
LaTeX Info: Redefining \Relbar on input line 971.
\c@MaxMatrixCols=\count334
\dotsspace@=\muskip17
\c@parentequation=\count335
\dspbrk@lvl=\count336
\tag@help=\toks32
\row@=\count337
\column@=\count338
\maxfields@=\count339
\andhelp@=\toks33
\eqnshift@=\dimen193
\alignsep@=\dimen194
\tagshift@=\dimen195
\tagwidth@=\dimen196
\totwidth@=\dimen197
\lineht@=\dimen198
\@envbody=\toks34
\multlinegap=\skip261
\multlinetaggap=\skip262
\mathdisplay@stack=\toks35
LaTeX Info: Redefining \[ on input line 2953.
LaTeX Info: Redefining \] on input line 2954.
)
(/Users/tedbonga/Library/Application Support/MiKTeX/texmfs/install/tex/latex-de
v/base/inputenc.sty
Package: inputenc 2021/02/14 v1.3d Input encoding file
\inpenc@prehook=\toks36
\inpenc@posthook=\toks37
)
(/Users/tedbonga/Library/Application Support/MiKTeX/texmfs/install/tex/latex/xc
olor/xcolor.sty
Package: xcolor 2022/06/12 v2.14 LaTeX color extensions (UK)

(/Users/tedbonga/Library/Application Support/MiKTeX/texmfs/install/tex/latex/gr
aphics-cfg/color.cfg
File: color.cfg 2016/01/02 v1.6 sample color configuration
)
Package xcolor Info: Driver file: pdftex.def on input line 227.

(/Users/tedbonga/Library/Application Support/MiKTeX/texmfs/install/tex/latex-de
v/graphics/mathcolor.ltx)
Package xcolor Info: Model `cmy' substituted by `cmy0' on input line 1353.
Package xcolor Info: Model `hsb' substituted by `rgb' on input line 1357.
Package xcolor Info: Model `RGB' extended on input line 1369.
Package xcolor Info: Model `HTML' substituted by `rgb' on input line 1371.
Package xcolor Info: Model `Hsb' substituted by `hsb' on input line 1372.
Package xcolor Info: Model `tHsb' substituted by `hsb' on input line 1373.
Package xcolor Info: Model `HSB' substituted by `hsb' on input line 1374.
Package xcolor Info: Model `Gray' substituted by `gray' on input line 1375.
Package xcolor Info: Model `wave' substituted by `hsb' on input line 1376.
)
(/Users/tedbonga/Library/Application Support/MiKTeX/texmfs/install/tex/latex/l3
backend/l3backend-pdftex.def
File: l3backend-pdftex.def 2022-08-05 L3 backend support: PDF output (pdfTeX)
\l__color_backend_stack_int=\count340
\l__pdf_internal_box=\box58
) (tesi.aux)
\openout1 = `tesi.aux'.

LaTeX Font Info:    Checking defaults for OML/cmm/m/it on input line 28.
LaTeX Font Info:    ... okay on input line 28.
LaTeX Font Info:    Checking defaults for OMS/cmsy/m/n on input line 28.
LaTeX Font Info:    ... okay on input line 28.
LaTeX Font Info:    Checking defaults for OT1/cmr/m/n on input line 28.
LaTeX Font Info:    ... okay on input line 28.
LaTeX Font Info:    Checking defaults for T1/cmr/m/n on input line 28.
LaTeX Font Info:    ... okay on input line 28.
LaTeX Font Info:    Checking defaults for TS1/cmr/m/n on input line 28.
LaTeX Font Info:    ... okay on input line 28.
LaTeX Font Info:    Checking defaults for OMX/cmex/m/n on input line 28.
LaTeX Font Info:    ... okay on input line 28.
LaTeX Font Info:    Checking defaults for U/cmr/m/n on input line 28.
LaTeX Font Info:    ... okay on input line 28.
LaTeX Font Info:    Checking defaults for PD1/pdf/m/n on input line 28.
LaTeX Font Info:    ... okay on input line 28.
LaTeX Font Info:    Checking defaults for PU/pdf/m/n on input line 28.
LaTeX Font Info:    ... okay on input line 28.
LaTeX Info: Redefining \it@ocap on input line 28.
LaTeX Info: Redefining \it@ccap on input line 28.

(/Users/tedbonga/Library/Application Support/MiKTeX/texmfs/install/tex/context/
base/mkii/supp-pdf.mkii
[Loading MPS to PDF converter (version 2006.09.02).]
\scratchcounter=\count341
\scratchdimen=\dimen199
\scratchbox=\box59
\nofMPsegments=\count342
\nofMParguments=\count343
\everyMPshowfont=\toks38
\MPscratchCnt=\count344
\MPscratchDim=\dimen256
\MPnumerator=\count345
\makeMPintoPDFobject=\count346
\everyMPtoPDFconversion=\toks39
)
(/Users/tedbonga/Library/Application Support/MiKTeX/texmfs/install/tex/latex/ep
stopdf-pkg/epstopdf-base.sty
Package: epstopdf-base 2020-01-24 v2.11 Base part for package epstopdf
Package epstopdf-base Info: Redefining graphics rule for `.eps' on input line 4
85.

(/Users/tedbonga/Library/Application Support/MiKTeX/texmfs/install/tex/latex/00
miktex/epstopdf-sys.cfg
File: epstopdf-sys.cfg 2021/03/18 v2.0 Configuration of epstopdf for MiKTeX
))
Package hyperref Info: Link coloring OFF on input line 28.
 (tesi.out) (tesi.out)
\@outlinefile=\write4
\openout4 = `tesi.out'.

<figure/uniroma3-logo.pdf, id=19, 196.735pt x 109.40875pt>
File: figure/uniroma3-logo.pdf Graphic file (type pdf)
<use figure/uniroma3-logo.pdf>
Package pdftex.def Info: figure/uniroma3-logo.pdf  used on input line 31.
(pdftex.def)             Requested size: 165.02347pt x 91.77249pt.
 [1


{/Users/tedbonga/Library/Application Support/MiKTeX/texmfs/data/fonts/map/pdfte
x/pdftex.map} <./figure/uniroma3-logo.pdf>] [2] (ringraziamenti.tex) [3

] (tesi.toc) [1

] [2]
(introduzione.tex) [3

] (capitolo1.tex) [4

] (capitolo2.tex) [5

]
\tf@toc=\write5
\openout5 = `tesi.toc'.

 (tesi.aux)
Package rerunfilecheck Info: File `tesi.out' has not changed.
(rerunfilecheck)             Checksum: 3F134DB980A9439706D91F72E2E8A353;525.
 ) 
Here is how much of TeX's memory you used:
 14673 strings out of 477987
 229990 string characters out of 2817122
 579725 words of memory out of 3000000
 33256 multiletter control sequences out of 15000+600000
 482862 words of font info for 57 fonts, out of 8000000 for 9000
 1141 hyphenation exceptions out of 8191
 72i,11n,77p,619b,479s stack positions out of 10000i,1000n,20000p,200000b,80000s
 </Users/tedbonga/Library/Application Support/MiKTeX/texmfs/data/fonts/pk/ljf
our/jknappen/ec/dpi600/tcrm1095.pk> </Users/tedbonga/Library/Application Suppor
t/MiKTeX/texmfs/data/fonts/pk/ljfour/jknappen/ec/dpi600/ecbx2074.pk> </Users/te
dbonga/Library/Application Support/MiKTeX/texmfs/data/fonts/pk/ljfour/jknappen/
ec/dpi600/ecbx1095.pk> </Users/tedbonga/Library/Application Support/MiKTeX/texm
fs/data/fonts/pk/ljfour/jknappen/ec/dpi600/ecrm1095.pk> </Users/tedbonga/Librar
y/Application Support/MiKTeX/texmfs/data/fonts/pk/ljfour/jknappen/ec/dpi600/ecb
x2488.pk> </Users/tedbonga/Library/Application Support/MiKTeX/texmfs/data/fonts
/pk/ljfour/jknappen/ec/dpi600/ecti1095.pk> </Users/tedbonga/Library/Application
 Support/MiKTeX/texmfs/data/fonts/pk/ljfour/jknappen/ec/dpi600/ecbx1200.pk> </U
sers/tedbonga/Library/Application Support/MiKTeX/texmfs/data/fonts/pk/ljfour/jk
nappen/ec/dpi600/ecrm1200.pk> </Users/tedbonga/Library/Application Support/MiKT
eX/texmfs/data/fonts/pk/ljfour/jknappen/ec/dpi600/ecrm2488.pk> </Users/tedbonga
/Library/Application Support/MiKTeX/texmfs/data/fonts/pk/ljfour/jknappen/ec/dpi
600/ecrm1728.pk> </Users/tedbonga/Library/Application Support/MiKTeX/texmfs/dat
a/fonts/pk/ljfour/jknappen/ec/dpi600/ecrm1440.pk>
Output written on tesi.pdf (8 pages, 105018 bytes).
PDF statistics:
 354 PDF objects out of 1000 (max. 8388607)
 14 named destinations out of 1000 (max. 500000)
 38 words of extra memory for PDF output out of 10000 (max. 10000000)

